e:\development\year 2\2.3 third person\mge_v18_student_version\_vs2015\debug_static_build\vc141.pdb
e:\development\year 2\2.3 third person\mge_v18_student_version\_vs2015\debug_static_build\vc141.idb
e:\development\year 2\2.3 third person\mge_v18_student_version\_vs2015\debug_static_build\advancedsprite.obj
e:\development\year 2\2.3 third person\mge_v18_student_version\_vs2015\debug_static_build\abstractgame.obj
e:\development\year 2\2.3 third person\mge_v18_student_version\_vs2015\debug_static_build\waypointfollowbehaviour.obj
e:\development\year 2\2.3 third person\mge_v18_student_version\_vs2015\debug_static_build\wasdbehaviour.obj
e:\development\year 2\2.3 third person\mge_v18_student_version\_vs2015\debug_static_build\towerbehaviour.obj
e:\development\year 2\2.3 third person\mge_v18_student_version\_vs2015\debug_static_build\toastertowerbehaviour.obj
e:\development\year 2\2.3 third person\mge_v18_student_version\_vs2015\debug_static_build\toasterprojectilebehaviour.obj
e:\development\year 2\2.3 third person\mge_v18_student_version\_vs2015\debug_static_build\snipertowerbehaviour.obj
e:\development\year 2\2.3 third person\mge_v18_student_version\_vs2015\debug_static_build\shocktowerbehaviour.obj
e:\development\year 2\2.3 third person\mge_v18_student_version\_vs2015\debug_static_build\magnifyingglasstowerbehaviour.obj
e:\development\year 2\2.3 third person\mge_v18_student_version\_vs2015\debug_static_build\icetowerbehaviour.obj
e:\development\year 2\2.3 third person\mge_v18_student_version\_vs2015\debug_static_build\iceprojectilebehaviour.obj
e:\development\year 2\2.3 third person\mge_v18_student_version\_vs2015\debug_static_build\honeytowerbehaviour.obj
e:\development\year 2\2.3 third person\mge_v18_student_version\_vs2015\debug_static_build\honeyprojectilebehaviour.obj
e:\development\year 2\2.3 third person\mge_v18_student_version\_vs2015\debug_static_build\followmouseongridbehaviour.obj
e:\development\year 2\2.3 third person\mge_v18_student_version\_vs2015\debug_static_build\effectbehaviour.obj
e:\development\year 2\2.3 third person\mge_v18_student_version\_vs2015\debug_static_build\collisionbehaviour.obj
e:\development\year 2\2.3 third person\mge_v18_student_version\_vs2015\debug_static_build\cameramovementbehaviour.obj
e:\development\year 2\2.3 third person\mge_v18_student_version\_vs2015\debug_static_build\abstractbehaviour.obj
e:\development\year 2\2.3 third person\mge_v18_student_version\_vs2015\debug_static_build\main.obj
e:\development\year 2\2.3 third person\mge_v18_student_version\_vs2015\debug_static_build\sanicrat.obj
e:\development\year 2\2.3 third person\mge_v18_student_version\_vs2015\debug_static_build\renderer.obj
e:\development\year 2\2.3 third person\mge_v18_student_version\_vs2015\debug_static_build\rat.obj
e:\development\year 2\2.3 third person\mge_v18_student_version\_vs2015\debug_static_build\mesh.obj
e:\development\year 2\2.3 third person\mge_v18_student_version\_vs2015\debug_static_build\magnifyingglasstower.obj
e:\development\year 2\2.3 third person\mge_v18_student_version\_vs2015\debug_static_build\light.obj
e:\development\year 2\2.3 third person\mge_v18_student_version\_vs2015\debug_static_build\level.obj
e:\development\year 2\2.3 third person\mge_v18_student_version\_vs2015\debug_static_build\icetower.obj
e:\development\year 2\2.3 third person\mge_v18_student_version\_vs2015\debug_static_build\iceprojectile.obj
e:\development\year 2\2.3 third person\mge_v18_student_version\_vs2015\debug_static_build\chadrat.obj
e:\development\year 2\2.3 third person\mge_v18_student_version\_vs2015\debug_static_build\honeytower.obj
e:\development\year 2\2.3 third person\mge_v18_student_version\_vs2015\debug_static_build\honeyprojectile.obj
e:\development\year 2\2.3 third person\mge_v18_student_version\_vs2015\debug_static_build\helper.obj
e:\development\year 2\2.3 third person\mge_v18_student_version\_vs2015\debug_static_build\gridmanager.obj
e:\development\year 2\2.3 third person\mge_v18_student_version\_vs2015\debug_static_build\gameobject.obj
e:\development\year 2\2.3 third person\mge_v18_student_version\_vs2015\debug_static_build\gamecontroller.obj
e:\development\year 2\2.3 third person\mge_v18_student_version\_vs2015\debug_static_build\enemyspawner.obj
e:\development\year 2\2.3 third person\mge_v18_student_version\_vs2015\debug_static_build\enemy.obj
e:\development\year 2\2.3 third person\mge_v18_student_version\_vs2015\debug_static_build\collisionmanager.obj
e:\development\year 2\2.3 third person\mge_v18_student_version\_vs2015\debug_static_build\camera.obj
e:\development\year 2\2.3 third person\mge_v18_student_version\_vs2015\debug_static_build\texturegridmaterial.obj
e:\development\year 2\2.3 third person\mge_v18_student_version\_vs2015\debug_static_build\littexturematerial.obj
e:\development\year 2\2.3 third person\mge_v18_student_version\_vs2015\debug_static_build\littexturegridmaterial.obj
e:\development\year 2\2.3 third person\mge_v18_student_version\_vs2015\debug_static_build\litselectedtexturematerial.obj
e:\development\year 2\2.3 third person\mge_v18_student_version\_vs2015\debug_static_build\litmaterial.obj
e:\development\year 2\2.3 third person\mge_v18_student_version\_vs2015\debug_static_build\litdynamicgridtexturematerial.obj
e:\development\year 2\2.3 third person\mge_v18_student_version\_vs2015\debug_static_build\colormaterial.obj
e:\development\year 2\2.3 third person\mge_v18_student_version\_vs2015\debug_static_build\abstractmaterial.obj
e:\development\year 2\2.3 third person\mge_v18_student_version\_vs2015\debug_static_build\world.obj
e:\development\year 2\2.3 third person\mge_v18_student_version\_vs2015\debug_static_build\waypoint.obj
e:\development\year 2\2.3 third person\mge_v18_student_version\_vs2015\debug_static_build\uimanager.obj
e:\development\year 2\2.3 third person\mge_v18_student_version\_vs2015\debug_static_build\tutoriallevel.obj
e:\development\year 2\2.3 third person\mge_v18_student_version\_vs2015\debug_static_build\tower.obj
e:\development\year 2\2.3 third person\mge_v18_student_version\_vs2015\debug_static_build\texture.obj
e:\development\year 2\2.3 third person\mge_v18_student_version\_vs2015\debug_static_build\toastertower.obj
e:\development\year 2\2.3 third person\mge_v18_student_version\_vs2015\debug_static_build\toasterprojectile.obj
e:\development\year 2\2.3 third person\mge_v18_student_version\_vs2015\debug_static_build\tablelevel.obj
e:\development\year 2\2.3 third person\mge_v18_student_version\_vs2015\debug_static_build\snipertower.obj
e:\development\year 2\2.3 third person\mge_v18_student_version\_vs2015\debug_static_build\shocktower.obj
e:\development\year 2\2.3 third person\mge_v18_student_version\_vs2015\debug_static_build\shaderprogram.obj
e:\development\year 2\2.3 third person\mge_v18_student_version\_vs2015\debug_static_build\debughud.obj
e:\development\year 2\2.3 third person\mge_v18_student_version\_vs2015\debug_static_build\towerdefensescene.obj
e:\development\year 2\2.3 third person\mge_v18_student_version\_vs2015\debug_static_build\texturematerial.obj
e:\development\year 2\2.3 third person\mge_v18_student_version\_vs2015\debug_static_build\mge.tlog\cl.command.1.tlog
e:\development\year 2\2.3 third person\mge_v18_student_version\_vs2015\debug_static_build\mge.tlog\cl.read.1.tlog
e:\development\year 2\2.3 third person\mge_v18_student_version\_vs2015\debug_static_build\mge.tlog\cl.write.1.tlog
e:\development\year 2\2.3 third person\mge_v18_student_version\_vs2015\debug_static_build\mge.tlog\link-cvtres.read.1.tlog
e:\development\year 2\2.3 third person\mge_v18_student_version\_vs2015\debug_static_build\mge.tlog\link-cvtres.write.1.tlog
e:\development\year 2\2.3 third person\mge_v18_student_version\_vs2015\debug_static_build\mge.tlog\link-rc.read.1.tlog
e:\development\year 2\2.3 third person\mge_v18_student_version\_vs2015\debug_static_build\mge.tlog\link-rc.write.1.tlog
e:\development\year 2\2.3 third person\mge_v18_student_version\_vs2015\debug_static_build\mge.tlog\link.command.1.tlog
e:\development\year 2\2.3 third person\mge_v18_student_version\_vs2015\debug_static_build\mge.tlog\link.read.1.tlog
e:\development\year 2\2.3 third person\mge_v18_student_version\_vs2015\debug_static_build\mge.tlog\link.write.1.tlog
